<?xml version="1.0" encoding="UTF-8"?>
<testng-results ignored="0" total="3" passed="3" failed="0" skipped="0">
  <reporter-output>
  </reporter-output>
  <suite started-at="2024-09-25T12:46:25 IST" name="Default suite" finished-at="2024-09-25T12:47:50 IST" duration-ms="84362">
    <groups>
    </groups>
    <test started-at="2024-09-25T12:46:25 IST" name="Default test" finished-at="2024-09-25T12:47:50 IST" duration-ms="84362">
      <class name="com.assessment.WebTable_Techlistic">
        <test-method is-config="true" signature="setup()[pri:0, instance:com.assessment.WebTable_Techlistic@618b19ad]" started-at="2024-09-25T12:46:25 IST" name="setup" finished-at="2024-09-25T12:47:18 IST" duration-ms="53239" status="PASS">
          <reporter-output>
          </reporter-output>
        </test-method> <!-- setup -->
        <test-method signature="findTallestStructure()[pri:0, instance:com.assessment.WebTable_Techlistic@618b19ad]" started-at="2024-09-25T12:47:19 IST" name="findTallestStructure" finished-at="2024-09-25T12:47:24 IST" duration-ms="5497" status="PASS">
          <reporter-output>
          </reporter-output>
        </test-method> <!-- findTallestStructure -->
        <test-method signature="verifyColumnsInLastRow()[pri:0, instance:com.assessment.WebTable_Techlistic@618b19ad]" started-at="2024-09-25T12:47:24 IST" name="verifyColumnsInLastRow" finished-at="2024-09-25T12:47:29 IST" duration-ms="5038" status="PASS">
          <reporter-output>
          </reporter-output>
        </test-method> <!-- verifyColumnsInLastRow -->
        <test-method signature="verifyStructureValues()[pri:0, instance:com.assessment.WebTable_Techlistic@618b19ad]" started-at="2024-09-25T12:47:29 IST" name="verifyStructureValues" finished-at="2024-09-25T12:47:39 IST" duration-ms="10115" status="PASS">
          <reporter-output>
          </reporter-output>
        </test-method> <!-- verifyStructureValues -->
        <test-method is-config="true" signature="tearDown()[pri:0, instance:com.assessment.WebTable_Techlistic@618b19ad]" started-at="2024-09-25T12:47:39 IST" name="tearDown" finished-at="2024-09-25T12:47:50 IST" duration-ms="10349" status="PASS">
          <reporter-output>
          </reporter-output>
        </test-method> <!-- tearDown -->
      </class> <!-- com.assessment.WebTable_Techlistic -->
    </test> <!-- Default test -->
  </suite> <!-- Default suite -->
</testng-results>
