<?xml version="1.0" encoding="UTF-8"?>
<!-- Generated by org.testng.reporters.JUnitXMLReporter -->
<testsuite ignored="0" hostname="DESKTOP-TH0V11K" failures="0" tests="3" name="Default test" time="80.696" errors="0" timestamp="2024-09-26T10:42:44 IST">
  <testcase classname="com.assessment.WebTable_Techlistic" name="findTallestStructure" time="5.439"/>
  <testcase classname="com.assessment.WebTable_Techlistic" name="verifyColumnsInLastRow" time="5.043"/>
  <testcase classname="com.assessment.WebTable_Techlistic" name="verifyStructureValues" time="10.115"/>
</testsuite> <!-- Default test -->
